  ConsoleApplication2.cpp
C:\Users\Иван\Desktop\jabb\fr\ConsoleApplication2\ConsoleApplication2\ConsoleApplication2.cpp(69,19): warning C4996: 'fopen': This function or variable may be unsafe. Consider using fopen_s instead. To disable deprecation, use _CRT_SECURE_NO_WARNINGS. See online help for details.
C:\Users\Иван\Desktop\jabb\fr\ConsoleApplication2\ConsoleApplication2\ConsoleApplication2.cpp(72,3): warning C4996: 'getch': The POSIX name for this item is deprecated. Instead, use the ISO C and C++ conformant name: _getch. See online help for details.
C:\Users\Иван\Desktop\jabb\fr\ConsoleApplication2\ConsoleApplication2\ConsoleApplication2.cpp(74,2): warning C4996: 'fscanf': This function or variable may be unsafe. Consider using fscanf_s instead. To disable deprecation, use _CRT_SECURE_NO_WARNINGS. See online help for details.
C:\Users\Иван\Desktop\jabb\fr\ConsoleApplication2\ConsoleApplication2\ConsoleApplication2.cpp(77,3): warning C4996: 'fscanf': This function or variable may be unsafe. Consider using fscanf_s instead. To disable deprecation, use _CRT_SECURE_NO_WARNINGS. See online help for details.
C:\Users\Иван\Desktop\jabb\fr\ConsoleApplication2\ConsoleApplication2\ConsoleApplication2.cpp(82,2): warning C4996: 'getch': The POSIX name for this item is deprecated. Instead, use the ISO C and C++ conformant name: _getch. See online help for details.
C:\Users\Иван\Desktop\jabb\fr\ConsoleApplication2\ConsoleApplication2\ConsoleApplication2.cpp(118,4): warning C4996: 'scanf': This function or variable may be unsafe. Consider using scanf_s instead. To disable deprecation, use _CRT_SECURE_NO_WARNINGS. See online help for details.
C:\Users\Иван\Desktop\jabb\fr\ConsoleApplication2\ConsoleApplication2\ConsoleApplication2.cpp(126,4): warning C4996: 'scanf': This function or variable may be unsafe. Consider using scanf_s instead. To disable deprecation, use _CRT_SECURE_NO_WARNINGS. See online help for details.
C:\Users\Иван\Desktop\jabb\fr\ConsoleApplication2\ConsoleApplication2\ConsoleApplication2.cpp(104,8): warning C4101: tmpCharInput: неиспользованная локальная переменная
C:\Users\Иван\Desktop\jabb\fr\ConsoleApplication2\ConsoleApplication2\ConsoleApplication2.cpp(172,7): warning C4996: 'getch': The POSIX name for this item is deprecated. Instead, use the ISO C and C++ conformant name: _getch. See online help for details.
C:\Users\Иван\Desktop\jabb\fr\ConsoleApplication2\ConsoleApplication2\ConsoleApplication2.cpp(183,2): warning C4996: 'strcpy': This function or variable may be unsafe. Consider using strcpy_s instead. To disable deprecation, use _CRT_SECURE_NO_WARNINGS. See online help for details.
C:\Users\Иван\Desktop\jabb\fr\ConsoleApplication2\ConsoleApplication2\ConsoleApplication2.cpp(185,2): warning C4996: 'strcpy': This function or variable may be unsafe. Consider using strcpy_s instead. To disable deprecation, use _CRT_SECURE_NO_WARNINGS. See online help for details.
C:\Users\Иван\Desktop\jabb\fr\ConsoleApplication2\ConsoleApplication2\ConsoleApplication2.cpp(186,2): warning C4996: 'strcpy': This function or variable may be unsafe. Consider using strcpy_s instead. To disable deprecation, use _CRT_SECURE_NO_WARNINGS. See online help for details.
C:\Users\Иван\Desktop\jabb\fr\ConsoleApplication2\ConsoleApplication2\ConsoleApplication2.cpp(190,4): warning C4996: 'strcpy': This function or variable may be unsafe. Consider using strcpy_s instead. To disable deprecation, use _CRT_SECURE_NO_WARNINGS. See online help for details.
C:\Users\Иван\Desktop\jabb\fr\ConsoleApplication2\ConsoleApplication2\ConsoleApplication2.cpp(191,4): warning C4996: 'strcpy': This function or variable may be unsafe. Consider using strcpy_s instead. To disable deprecation, use _CRT_SECURE_NO_WARNINGS. See online help for details.
C:\Users\Иван\Desktop\jabb\fr\ConsoleApplication2\ConsoleApplication2\ConsoleApplication2.cpp(196,2): warning C4996: 'getch': The POSIX name for this item is deprecated. Instead, use the ISO C and C++ conformant name: _getch. See online help for details.
C:\Users\Иван\Desktop\jabb\fr\ConsoleApplication2\ConsoleApplication2\ConsoleApplication2.cpp(206,2): warning C4996: 'strcpy': This function or variable may be unsafe. Consider using strcpy_s instead. To disable deprecation, use _CRT_SECURE_NO_WARNINGS. See online help for details.
C:\Users\Иван\Desktop\jabb\fr\ConsoleApplication2\ConsoleApplication2\ConsoleApplication2.cpp(210,6): warning C4101: tmp: неиспользованная локальная переменная
C:\Users\Иван\Desktop\jabb\fr\ConsoleApplication2\ConsoleApplication2\ConsoleApplication2.cpp(256,2): warning C4996: 'getch': The POSIX name for this item is deprecated. Instead, use the ISO C and C++ conformant name: _getch. See online help for details.
C:\Users\Иван\Desktop\jabb\fr\ConsoleApplication2\ConsoleApplication2\ConsoleApplication2.cpp(271,4): warning C4996: 'strcpy': This function or variable may be unsafe. Consider using strcpy_s instead. To disable deprecation, use _CRT_SECURE_NO_WARNINGS. See online help for details.
C:\Users\Иван\Desktop\jabb\fr\ConsoleApplication2\ConsoleApplication2\ConsoleApplication2.cpp(277,2): warning C4996: 'getch': The POSIX name for this item is deprecated. Instead, use the ISO C and C++ conformant name: _getch. See online help for details.
C:\Users\Иван\Desktop\jabb\fr\ConsoleApplication2\ConsoleApplication2\ConsoleApplication2.cpp(265,16): warning C4101: tmp2: неиспользованная локальная переменная
C:\Users\Иван\Desktop\jabb\fr\ConsoleApplication2\ConsoleApplication2\ConsoleApplication2.cpp(288,12): warning C4996: 'strtok': This function or variable may be unsafe. Consider using strtok_s instead. To disable deprecation, use _CRT_SECURE_NO_WARNINGS. See online help for details.
C:\Users\Иван\Desktop\jabb\fr\ConsoleApplication2\ConsoleApplication2\ConsoleApplication2.cpp(289,14): warning C4996: 'strtok': This function or variable may be unsafe. Consider using strtok_s instead. To disable deprecation, use _CRT_SECURE_NO_WARNINGS. See online help for details.
C:\Users\Иван\Desktop\jabb\fr\ConsoleApplication2\ConsoleApplication2\ConsoleApplication2.cpp(296,13): warning C4996: 'strtok': This function or variable may be unsafe. Consider using strtok_s instead. To disable deprecation, use _CRT_SECURE_NO_WARNINGS. See online help for details.
C:\Users\Иван\Desktop\jabb\fr\ConsoleApplication2\ConsoleApplication2\ConsoleApplication2.cpp(297,15): warning C4996: 'strtok': This function or variable may be unsafe. Consider using strtok_s instead. To disable deprecation, use _CRT_SECURE_NO_WARNINGS. See online help for details.
C:\Users\Иван\Desktop\jabb\fr\ConsoleApplication2\ConsoleApplication2\ConsoleApplication2.cpp(308,2): warning C4996: 'getch': The POSIX name for this item is deprecated. Instead, use the ISO C and C++ conformant name: _getch. See online help for details.
C:\Users\Иван\Desktop\jabb\fr\ConsoleApplication2\ConsoleApplication2\ConsoleApplication2.cpp(293,26): warning C4101: tmp3: неиспользованная локальная переменная
C:\Users\Иван\Desktop\jabb\fr\ConsoleApplication2\ConsoleApplication2\ConsoleApplication2.cpp(293,7): warning C4101: tmp: неиспользованная локальная переменная
C:\Users\Иван\Desktop\jabb\fr\ConsoleApplication2\ConsoleApplication2\ConsoleApplication2.cpp(293,16): warning C4101: tmp2: неиспользованная локальная переменная
C:\Users\Иван\Desktop\jabb\fr\ConsoleApplication2\ConsoleApplication2\ConsoleApplication2.cpp(324,4): error C2660: vstavka: функция не принимает 3 аргументов
C:\Users\Иван\Desktop\jabb\fr\ConsoleApplication2\ConsoleApplication2\ConsoleApplication2.cpp(199,6): message : см. объявление "vstavka"
C:\Users\Иван\Desktop\jabb\fr\ConsoleApplication2\ConsoleApplication2\ConsoleApplication2.cpp(324,4): message : при попытке сопоставить список аргументов "(services *, char [20], int)"
C:\Users\Иван\Desktop\jabb\fr\ConsoleApplication2\ConsoleApplication2\ConsoleApplication2.cpp(331,4): error C2660: vstavka: функция не принимает 3 аргументов
C:\Users\Иван\Desktop\jabb\fr\ConsoleApplication2\ConsoleApplication2\ConsoleApplication2.cpp(199,6): message : см. объявление "vstavka"
C:\Users\Иван\Desktop\jabb\fr\ConsoleApplication2\ConsoleApplication2\ConsoleApplication2.cpp(331,4): message : при попытке сопоставить список аргументов "(services *, char [20], int)"
C:\Users\Иван\Desktop\jabb\fr\ConsoleApplication2\ConsoleApplication2\ConsoleApplication2.cpp(335,3): warning C4996: 'sprintf': This function or variable may be unsafe. Consider using sprintf_s instead. To disable deprecation, use _CRT_SECURE_NO_WARNINGS. See online help for details.
C:\Users\Иван\Desktop\jabb\fr\ConsoleApplication2\ConsoleApplication2\ConsoleApplication2.cpp(336,3): warning C4996: 'sprintf': This function or variable may be unsafe. Consider using sprintf_s instead. To disable deprecation, use _CRT_SECURE_NO_WARNINGS. See online help for details.
C:\Users\Иван\Desktop\jabb\fr\ConsoleApplication2\ConsoleApplication2\ConsoleApplication2.cpp(351,2): warning C4996: 'getch': The POSIX name for this item is deprecated. Instead, use the ISO C and C++ conformant name: _getch. See online help for details.
C:\Users\Иван\Desktop\jabb\fr\ConsoleApplication2\ConsoleApplication2\ConsoleApplication2.cpp(377,2): warning C4996: 'getch': The POSIX name for this item is deprecated. Instead, use the ISO C and C++ conformant name: _getch. See online help for details.
